<?xml version="1.0" encoding="UTF-8"?>
<!-- Generated by org.testng.reporters.JUnitReportReporter -->
<testsuite skipped="0" hostname="LAPTOP-NDRUD67L" name="test.LoginTest" tests="1" failures="0" timestamp="2020-02-21T00:19:30 CST" time="12.404" errors="0">
  <testcase name="validUserShouldBeAbleToLogin" time="12.404" classname="test.LoginTest"/>
</testsuite> <!-- test.LoginTest -->
